<?xml version="1.0" encoding="UTF-8"?>
<!-- Generated by org.testng.reporters.JUnitReportReporter -->
<testsuite hostname="DESKTOP-BLJCGGP" failures="0" tests="2" name="testNG.Demo" time="13.444" errors="0" timestamp="2024-03-06T15:15:52 IST" skipped="0">
  <testcase classname="testNG.Demo" name="Myntra" time="9.643"/>
  <system-out/>
  <testcase classname="testNG.Demo" name="Ajio" time="3.801"/>
  <system-out/>
</testsuite> <!-- testNG.Demo -->
