<?xml version="1.0" encoding="UTF-8"?>
<!-- Generated by org.testng.reporters.JUnitReportReporter -->
<testsuite hostname="DESKTOP-BLJCGGP" failures="0" tests="3" name="testNG.Priorities" time="0.013" errors="0" timestamp="2024-03-06T15:15:52 IST" skipped="1">
  <testcase classname="testNG.Priorities" name="Hcl" time="0.003"/>
  <system-out/>
  <testcase classname="testNG.Priorities" name="Add" time="0.010"/>
  <system-out/>
  <testcase classname="testNG.Priorities" name="Ba">
    <skipped/>
  </testcase> <!-- Ba -->
  <system-out/>
</testsuite> <!-- testNG.Priorities -->
