<?xml version="1.0" encoding="UTF-8"?>
<!-- Generated by org.testng.reporters.JUnitReportReporter -->
<testsuite hostname="DESKTOP-BLJCGGP" failures="0" tests="5" name="testNG.Prioprities" time="0.022" errors="0" timestamp="2024-03-04T15:03:09 IST" skipped="1">
  <testcase classname="testNG.Prioprities" name="Del" time="0.015"/>
  <system-out/>
  <testcase classname="testNG.Prioprities" name="Hcl" time="0.002"/>
  <system-out/>
  <testcase classname="testNG.Prioprities" name="Add" time="0.002"/>
  <system-out/>
  <testcase classname="testNG.Prioprities" name="Method2" time="0.003"/>
  <system-out/>
  <testcase classname="testNG.Prioprities" name="Ba">
    <skipped/>
  </testcase> <!-- Ba -->
  <system-out/>
</testsuite> <!-- testNG.Prioprities -->
