<?xml version="1.0" encoding="UTF-8"?>
<!-- Generated by org.testng.reporters.JUnitReportReporter -->
<testsuite hostname="DESKTOP-BLJCGGP" failures="0" tests="2" name="testNG.invoc" time="0.015" errors="0" timestamp="2024-03-06T15:44:14 IST" skipped="1">
  <testcase classname="testNG.invoc" name="method1" time="0.015"/>
  <system-out/>
  <testcase classname="testNG.invoc" name="Method2">
    <skipped/>
  </testcase> <!-- Method2 -->
  <system-out/>
</testsuite> <!-- testNG.invoc -->
