<?xml version="1.0" encoding="UTF-8"?>
<!-- Generated by org.testng.reporters.JUnitReportReporter -->
<testsuite hostname="DESKTOP-BLJCGGP" failures="0" tests="9" name="testNG.CrossBrowser" time="29.357" errors="0" timestamp="2024-03-07T10:59:29 IST" skipped="0">
  <testcase classname="testNG.CrossBrowser" name="user" time="0.105"/>
  <system-out/>
  <testcase classname="testNG.CrossBrowser" name="user" time="0.881"/>
  <system-out/>
  <testcase classname="testNG.CrossBrowser" name="user" time="0.194"/>
  <system-out/>
  <testcase classname="testNG.CrossBrowser" name="bt" time="2.975"/>
  <system-out/>
  <testcase classname="testNG.CrossBrowser" name="launchapp" time="5.039"/>
  <system-out/>
  <testcase classname="testNG.CrossBrowser" name="launchapp" time="2.572"/>
  <system-out/>
  <testcase classname="testNG.CrossBrowser" name="launchapp" time="4.678"/>
  <system-out/>
  <testcase classname="testNG.CrossBrowser" name="bt" time="4.978"/>
  <system-out/>
  <testcase classname="testNG.CrossBrowser" name="bt" time="7.935"/>
  <system-out/>
</testsuite> <!-- testNG.CrossBrowser -->
