<?xml version="1.0" encoding="UTF-8"?>
<!-- Generated by org.testng.reporters.JUnitReportReporter -->
<testsuite hostname="DESKTOP-BLJCGGP" failures="0" tests="2" name="testNG.Annotation_2" time="6.253" errors="0" timestamp="2024-03-06T14:55:54 IST" skipped="0">
  <testcase classname="testNG.Annotation_2" name="Test2" time="3.474"/>
  <system-out/>
  <testcase classname="testNG.Annotation_2" name="Test1" time="2.779"/>
  <system-out/>
</testsuite> <!-- testNG.Annotation_2 -->
