<?xml version="1.0" encoding="UTF-8"?>
<!-- Generated by org.testng.reporters.JUnitReportReporter -->
<testsuite hostname="DESKTOP-BLJCGGP" failures="0" tests="5" name="testNG.Groups" time="0.018" errors="0" timestamp="2024-03-06T15:15:52 IST" skipped="0">
  <testcase classname="testNG.Groups" name="M5" time="0.006"/>
  <system-out/>
  <testcase classname="testNG.Groups" name="M4" time="0.006"/>
  <system-out/>
  <testcase classname="testNG.Groups" name="M1" time="0.002"/>
  <system-out/>
  <testcase classname="testNG.Groups" name="M3" time="0.002"/>
  <system-out/>
  <testcase classname="testNG.Groups" name="M2" time="0.002"/>
  <system-out/>
</testsuite> <!-- testNG.Groups -->
