<?xml version="1.0" encoding="UTF-8"?>
<!-- Generated by org.testng.reporters.JUnitReportReporter -->
<testsuite hostname="DESKTOP-BLJCGGP" failures="0" tests="1" name="testNG.Annotation" time="0.008" errors="0" timestamp="2024-03-06T14:55:54 IST" skipped="0">
  <testcase classname="testNG.Annotation" name="Test" time="0.008"/>
  <system-out/>
</testsuite> <!-- testNG.Annotation -->
